<?xml version="1.0" encoding="UTF-8"?>
<!-- Generated by org.testng.reporters.JUnitReportReporter -->
<testsuite hostname="MITESH-PC" failures="0" tests="4" name="com.qa.opencart.tests.LoginPageTest" time="2.977" errors="0" timestamp="2023-12-15T17:15:45 IST" skipped="0">
  <testcase classname="com.qa.opencart.tests.LoginPageTest" name="loginTest" time="2.568"/>
  <system-out/>
  <testcase classname="com.qa.opencart.tests.LoginPageTest" name="forgotPwdLinkExistTest" time="0.326"/>
  <system-out/>
  <testcase classname="com.qa.opencart.tests.LoginPageTest" name="loginPageTitleTest" time="0.049"/>
  <system-out/>
  <testcase classname="com.qa.opencart.tests.LoginPageTest" name="loginPageUrlTest" time="0.034"/>
  <system-out/>
</testsuite> <!-- com.qa.opencart.tests.LoginPageTest -->
